<?xml version="1.0" encoding="UTF-8"?>
<coverage generated="1502632612084" clover="3.2.0">
  <project timestamp="1502632612084" name="All files">
    <metrics statements="119" coveredstatements="110" conditionals="54" coveredconditionals="48" methods="45" coveredmethods="41" elements="218" coveredelements="199" complexity="0" loc="119" ncloc="119" packages="6" files="11" classes="11">
      <package name="src">
        <metrics statements="3" coveredstatements="3" conditionals="0" coveredconditionals="0" methods="2" coveredmethods="2"/>
        <file name="App.js" path="/home/user/Files/React-Sortable-Table/src/App.js">
          <metrics statements="3" coveredstatements="3" conditionals="0" coveredconditionals="0" methods="2" coveredmethods="2"/>
          <line num="6" count="1" type="stmt"/>
          <line num="12" count="1" type="stmt"/>
          <line num="13" count="1" type="stmt"/>
        </file>
      </package>
      <package name="src.components">
        <metrics statements="47" coveredstatements="47" conditionals="26" coveredconditionals="26" methods="24" coveredmethods="24"/>
        <file name="Form.js" path="/home/user/Files/React-Sortable-Table/src/components/Form.js">
          <metrics statements="28" coveredstatements="28" conditionals="14" coveredconditionals="14" methods="17" coveredmethods="17"/>
          <line num="6" count="7" type="stmt"/>
          <line num="8" count="7" type="stmt"/>
          <line num="12" count="8" type="stmt"/>
          <line num="28" count="12" type="stmt"/>
          <line num="29" count="12" type="stmt"/>
          <line num="31" count="12" type="stmt"/>
          <line num="35" count="8" type="stmt"/>
          <line num="36" count="8" type="stmt"/>
          <line num="38" count="8" type="stmt"/>
          <line num="43" count="2" type="stmt"/>
          <line num="45" count="2" type="cond" truecount="6" falsecount="0"/>
          <line num="47" count="1" type="stmt"/>
          <line num="55" count="1" type="stmt"/>
          <line num="57" count="1" type="stmt"/>
          <line num="58" count="1" type="stmt"/>
          <line num="59" count="1" type="stmt"/>
          <line num="66" count="22" type="stmt"/>
          <line num="68" count="22" type="stmt"/>
          <line num="77" count="2" type="stmt"/>
          <line num="78" count="2" type="stmt"/>
          <line num="89" count="2" type="stmt"/>
          <line num="90" count="2" type="stmt"/>
          <line num="101" count="2" type="stmt"/>
          <line num="102" count="2" type="stmt"/>
          <line num="110" count="1" type="stmt"/>
          <line num="118" count="1" type="stmt"/>
          <line num="131" count="4" type="stmt"/>
          <line num="132" count="2" type="stmt"/>
        </file>
        <file name="Main.js" path="/home/user/Files/React-Sortable-Table/src/components/Main.js">
          <metrics statements="11" coveredstatements="11" conditionals="8" coveredconditionals="8" methods="3" coveredmethods="3"/>
          <line num="14" count="18" type="cond" truecount="4" falsecount="0"/>
          <line num="15" count="6" type="stmt"/>
          <line num="17" count="12" type="cond" truecount="2" falsecount="0"/>
          <line num="18" count="12" type="stmt"/>
          <line num="23" count="23" type="stmt"/>
          <line num="24" count="23" type="stmt"/>
          <line num="27" count="23" type="cond" truecount="2" falsecount="0"/>
          <line num="28" count="2" type="stmt"/>
          <line num="30" count="2" type="stmt"/>
          <line num="32" count="2" type="stmt"/>
          <line num="36" count="23" type="stmt"/>
        </file>
        <file name="SortableHeader.js" path="/home/user/Files/React-Sortable-Table/src/components/SortableHeader.js">
          <metrics statements="5" coveredstatements="5" conditionals="4" coveredconditionals="4" methods="2" coveredmethods="2"/>
          <line num="5" count="18" type="stmt"/>
          <line num="9" count="132" type="stmt"/>
          <line num="10" count="132" type="cond" truecount="2" falsecount="0"/>
          <line num="11" count="132" type="cond" truecount="2" falsecount="0"/>
          <line num="13" count="132" type="stmt"/>
        </file>
        <file name="TableItem.js" path="/home/user/Files/React-Sortable-Table/src/components/TableItem.js">
          <metrics statements="3" coveredstatements="3" conditionals="0" coveredconditionals="0" methods="2" coveredmethods="2"/>
          <line num="5" count="1" type="stmt"/>
          <line num="9" count="2" type="stmt"/>
          <line num="10" count="2" type="stmt"/>
        </file>
      </package>
      <package name="src.constants">
        <metrics statements="2" coveredstatements="2" conditionals="0" coveredconditionals="0" methods="0" coveredmethods="0"/>
        <file name="actions.js" path="/home/user/Files/React-Sortable-Table/src/constants/actions.js">
          <metrics statements="2" coveredstatements="2" conditionals="0" coveredconditionals="0" methods="0" coveredmethods="0"/>
          <line num="1" count="4" type="stmt"/>
          <line num="2" count="4" type="stmt"/>
        </file>
      </package>
      <package name="src.data">
        <metrics statements="7" coveredstatements="7" conditionals="0" coveredconditionals="0" methods="1" coveredmethods="1"/>
        <file name="field.js" path="/home/user/Files/React-Sortable-Table/src/data/field.js">
          <metrics statements="7" coveredstatements="7" conditionals="0" coveredconditionals="0" methods="1" coveredmethods="1"/>
          <line num="5" count="7" type="stmt"/>
          <line num="6" count="7" type="stmt"/>
          <line num="7" count="7" type="stmt"/>
          <line num="8" count="7" type="stmt"/>
          <line num="9" count="7" type="stmt"/>
          <line num="10" count="7" type="stmt"/>
          <line num="11" count="7" type="stmt"/>
        </file>
      </package>
      <package name="src.reducers-and-actions">
        <metrics statements="29" coveredstatements="28" conditionals="7" coveredconditionals="5" methods="9" coveredmethods="8"/>
        <file name="tableFieldAction.js" path="/home/user/Files/React-Sortable-Table/src/reducers-and-actions/tableFieldAction.js">
          <metrics statements="9" coveredstatements="9" conditionals="0" coveredconditionals="0" methods="4" coveredmethods="4"/>
          <line num="4" count="3" type="stmt"/>
          <line num="7" count="1" type="stmt"/>
          <line num="8" count="1" type="stmt"/>
          <line num="17" count="1" type="stmt"/>
          <line num="20" count="1" type="stmt"/>
          <line num="22" count="1" type="stmt"/>
          <line num="29" count="1" type="stmt"/>
          <line num="30" count="1" type="stmt"/>
          <line num="33" count="1" type="stmt"/>
        </file>
        <file name="tableFieldReducer.js" path="/home/user/Files/React-Sortable-Table/src/reducers-and-actions/tableFieldReducer.js">
          <metrics statements="20" coveredstatements="19" conditionals="7" coveredconditionals="5" methods="5" coveredmethods="4"/>
          <line num="5" count="1" type="stmt"/>
          <line num="6" count="0" type="stmt"/>
          <line num="9" count="1" type="stmt"/>
          <line num="11" count="1" type="stmt"/>
          <line num="12" count="1" type="stmt"/>
          <line num="14" count="1" type="stmt"/>
          <line num="16" count="1" type="stmt"/>
          <line num="18" count="1" type="stmt"/>
          <line num="21" count="2" type="stmt"/>
          <line num="22" count="2" type="stmt"/>
          <line num="24" count="2" type="cond" truecount="2" falsecount="0"/>
          <line num="25" count="1" type="stmt"/>
          <line num="27" count="1" type="stmt"/>
          <line num="29" count="1" type="stmt"/>
          <line num="35" count="2" type="stmt"/>
          <line num="39" count="3" type="stmt"/>
          <line num="41" count="3" type="stmt"/>
          <line num="42" count="3" type="cond" truecount="1" falsecount="1"/>
          <line num="43" count="3" type="stmt"/>
          <line num="46" count="3" type="cond" truecount="2" falsecount="0"/>
        </file>
      </package>
      <package name="src.utils">
        <metrics statements="31" coveredstatements="23" conditionals="21" coveredconditionals="17" methods="9" coveredmethods="6"/>
        <file name="localStorageUtil.js" path="/home/user/Files/React-Sortable-Table/src/utils/localStorageUtil.js">
          <metrics statements="22" coveredstatements="14" conditionals="6" coveredconditionals="2" methods="8" coveredmethods="5"/>
          <line num="3" count="1" type="stmt"/>
          <line num="7" count="1" type="stmt"/>
          <line num="8" count="1" type="stmt"/>
          <line num="10" count="1" type="stmt"/>
          <line num="14" count="1" type="stmt"/>
          <line num="16" count="1" type="stmt"/>
          <line num="18" count="1" type="cond" truecount="1" falsecount="1"/>
          <line num="19" count="0" type="stmt"/>
          <line num="21" count="0" type="cond" truecount="0" falsecount="2"/>
          <line num="22" count="0" type="stmt"/>
          <line num="32" count="1" type="stmt"/>
          <line num="33" count="1" type="stmt"/>
          <line num="37" count="2" type="stmt"/>
          <line num="38" count="2" type="stmt"/>
          <line num="39" count="2" type="stmt"/>
          <line num="43" count="3" type="cond" truecount="1" falsecount="1"/>
          <line num="44" count="0" type="stmt"/>
          <line num="53" count="0" type="stmt"/>
          <line num="54" count="0" type="stmt"/>
          <line num="62" count="0" type="stmt"/>
          <line num="63" count="0" type="stmt"/>
          <line num="67" count="1" type="stmt"/>
        </file>
        <file name="validation.js" path="/home/user/Files/React-Sortable-Table/src/utils/validation.js">
          <metrics statements="9" coveredstatements="9" conditionals="15" coveredconditionals="15" methods="1" coveredmethods="1"/>
          <line num="2" count="20" type="cond" truecount="2" falsecount="0"/>
          <line num="3" count="1" type="stmt"/>
          <line num="6" count="19" type="cond" truecount="4" falsecount="0"/>
          <line num="7" count="1" type="stmt"/>
          <line num="10" count="18" type="cond" truecount="5" falsecount="0"/>
          <line num="11" count="4" type="stmt"/>
          <line num="14" count="14" type="cond" truecount="4" falsecount="0"/>
          <line num="15" count="2" type="stmt"/>
          <line num="18" count="12" type="stmt"/>
        </file>
      </package>
    </metrics>
  </project>
</coverage>
