{"/home/user/Files/React-Sortable-Table/src/App.js": {"path":"/home/user/Files/React-Sortable-Table/src/App.js","statementMap":{"0":{"start":{"line":6,"column":24},"end":{"line":8,"column":3}},"1":{"start":{"line":6,"column":34},"end":{"line":8,"column":2}},"2":{"start":{"line":12,"column":48},"end":{"line":12,"column":58}},"3":{"start":{"line":13,"column":8},"end":{"line":15,"column":10}}},"fnMap":{"0":{"name":"(anonymous_0)","decl":{"start":{"line":6,"column":24},"end":{"line":6,"column":25}},"loc":{"start":{"line":6,"column":34},"end":{"line":8,"column":2}},"line":6},"1":{"name":"(anonymous_1)","decl":{"start":{"line":11,"column":4},"end":{"line":11,"column":5}},"loc":{"start":{"line":11,"column":13},"end":{"line":16,"column":5}},"line":11}},"branchMap":{},"s":{"0":1,"1":1,"2":1,"3":1},"f":{"0":1,"1":1},"b":{},"_coverageSchema":"332fd63041d2c1bcb487cc26dd0d5f7d97098a6c","hash":"4951afbb85513466d667beb11683d10faa5309f3"}
,"/home/user/Files/React-Sortable-Table/src/components/Form.js": {"path":"/home/user/Files/React-Sortable-Table/src/components/Form.js","statementMap":{"0":{"start":{"line":6,"column":8},"end":{"line":6,"column":21}},"1":{"start":{"line":8,"column":8},"end":{"line":8,"column":40}},"2":{"start":{"line":12,"column":8},"end":{"line":24,"column":9}},"3":{"start":{"line":28,"column":29},"end":{"line":28,"column":62}},"4":{"start":{"line":29,"column":27},"end":{"line":29,"column":42}},"5":{"start":{"line":31,"column":8},"end":{"line":31,"column":78}},"6":{"start":{"line":35,"column":29},"end":{"line":35,"column":62}},"7":{"start":{"line":36,"column":27},"end":{"line":36,"column":42}},"8":{"start":{"line":38,"column":8},"end":{"line":38,"column":53}},"9":{"start":{"line":43,"column":8},"end":{"line":43,"column":27}},"10":{"start":{"line":45,"column":8},"end":{"line":61,"column":9}},"11":{"start":{"line":47,"column":12},"end":{"line":53,"column":14}},"12":{"start":{"line":55,"column":12},"end":{"line":55,"column":53}},"13":{"start":{"line":57,"column":12},"end":{"line":57,"column":85}},"14":{"start":{"line":58,"column":12},"end":{"line":60,"column":20}},"15":{"start":{"line":59,"column":16},"end":{"line":59,"column":55}},"16":{"start":{"line":66,"column":26},"end":{"line":66,"column":36}},"17":{"start":{"line":68,"column":8},"end":{"line":141,"column":10}},"18":{"start":{"line":77,"column":39},"end":{"line":77,"column":72}},"19":{"start":{"line":78,"column":37},"end":{"line":78,"column":68}},"20":{"start":{"line":89,"column":39},"end":{"line":89,"column":71}},"21":{"start":{"line":90,"column":37},"end":{"line":90,"column":67}},"22":{"start":{"line":101,"column":39},"end":{"line":101,"column":68}},"23":{"start":{"line":102,"column":37},"end":{"line":102,"column":64}},"24":{"start":{"line":110,"column":43},"end":{"line":110,"column":73}},"25":{"start":{"line":118,"column":43},"end":{"line":118,"column":73}},"26":{"start":{"line":131,"column":39},"end":{"line":131,"column":66}},"27":{"start":{"line":132,"column":37},"end":{"line":132,"column":62}}},"fnMap":{"0":{"name":"(anonymous_0)","decl":{"start":{"line":5,"column":4},"end":{"line":5,"column":5}},"loc":{"start":{"line":5,"column":23},"end":{"line":9,"column":5}},"line":5},"1":{"name":"(anonymous_1)","decl":{"start":{"line":11,"column":4},"end":{"line":11,"column":5}},"loc":{"start":{"line":11,"column":19},"end":{"line":25,"column":5}},"line":11},"2":{"name":"(anonymous_2)","decl":{"start":{"line":27,"column":19},"end":{"line":27,"column":20}},"loc":{"start":{"line":27,"column":33},"end":{"line":32,"column":5}},"line":27},"3":{"name":"(anonymous_3)","decl":{"start":{"line":34,"column":17},"end":{"line":34,"column":18}},"loc":{"start":{"line":34,"column":31},"end":{"line":39,"column":5}},"line":34},"4":{"name":"(anonymous_4)","decl":{"start":{"line":41,"column":17},"end":{"line":41,"column":18}},"loc":{"start":{"line":41,"column":24},"end":{"line":62,"column":5}},"line":41},"5":{"name":"(anonymous_5)","decl":{"start":{"line":58,"column":23},"end":{"line":58,"column":24}},"loc":{"start":{"line":58,"column":29},"end":{"line":60,"column":13}},"line":58},"6":{"name":"(anonymous_6)","decl":{"start":{"line":64,"column":4},"end":{"line":64,"column":5}},"loc":{"start":{"line":64,"column":13},"end":{"line":142,"column":5}},"line":64},"7":{"name":"(anonymous_7)","decl":{"start":{"line":77,"column":34},"end":{"line":77,"column":35}},"loc":{"start":{"line":77,"column":39},"end":{"line":77,"column":72}},"line":77},"8":{"name":"(anonymous_8)","decl":{"start":{"line":78,"column":32},"end":{"line":78,"column":33}},"loc":{"start":{"line":78,"column":37},"end":{"line":78,"column":68}},"line":78},"9":{"name":"(anonymous_9)","decl":{"start":{"line":89,"column":34},"end":{"line":89,"column":35}},"loc":{"start":{"line":89,"column":39},"end":{"line":89,"column":71}},"line":89},"10":{"name":"(anonymous_10)","decl":{"start":{"line":90,"column":32},"end":{"line":90,"column":33}},"loc":{"start":{"line":90,"column":37},"end":{"line":90,"column":67}},"line":90},"11":{"name":"(anonymous_11)","decl":{"start":{"line":101,"column":34},"end":{"line":101,"column":35}},"loc":{"start":{"line":101,"column":39},"end":{"line":101,"column":68}},"line":101},"12":{"name":"(anonymous_12)","decl":{"start":{"line":102,"column":32},"end":{"line":102,"column":33}},"loc":{"start":{"line":102,"column":37},"end":{"line":102,"column":64}},"line":102},"13":{"name":"(anonymous_13)","decl":{"start":{"line":110,"column":38},"end":{"line":110,"column":39}},"loc":{"start":{"line":110,"column":43},"end":{"line":110,"column":73}},"line":110},"14":{"name":"(anonymous_14)","decl":{"start":{"line":118,"column":38},"end":{"line":118,"column":39}},"loc":{"start":{"line":118,"column":43},"end":{"line":118,"column":73}},"line":118},"15":{"name":"(anonymous_15)","decl":{"start":{"line":131,"column":34},"end":{"line":131,"column":35}},"loc":{"start":{"line":131,"column":39},"end":{"line":131,"column":66}},"line":131},"16":{"name":"(anonymous_16)","decl":{"start":{"line":132,"column":32},"end":{"line":132,"column":33}},"loc":{"start":{"line":132,"column":37},"end":{"line":132,"column":62}},"line":132}},"branchMap":{"0":{"loc":{"start":{"line":45,"column":8},"end":{"line":61,"column":9}},"type":"if","locations":[{"start":{"line":45,"column":8},"end":{"line":61,"column":9}},{"start":{"line":45,"column":8},"end":{"line":61,"column":9}}],"line":45},"1":{"loc":{"start":{"line":45,"column":11},"end":{"line":45,"column":140}},"type":"binary-expr","locations":[{"start":{"line":45,"column":11},"end":{"line":45,"column":43}},{"start":{"line":45,"column":47},"end":{"line":45,"column":78}},{"start":{"line":45,"column":82},"end":{"line":45,"column":110}},{"start":{"line":45,"column":114},"end":{"line":45,"column":140}}],"line":45},"2":{"loc":{"start":{"line":70,"column":46},"end":{"line":70,"column":79}},"type":"cond-expr","locations":[{"start":{"line":70,"column":63},"end":{"line":70,"column":74}},{"start":{"line":70,"column":77},"end":{"line":70,"column":79}}],"line":70},"3":{"loc":{"start":{"line":82,"column":46},"end":{"line":82,"column":78}},"type":"cond-expr","locations":[{"start":{"line":82,"column":62},"end":{"line":82,"column":73}},{"start":{"line":82,"column":76},"end":{"line":82,"column":78}}],"line":82},"4":{"loc":{"start":{"line":94,"column":46},"end":{"line":94,"column":75}},"type":"cond-expr","locations":[{"start":{"line":94,"column":59},"end":{"line":94,"column":70}},{"start":{"line":94,"column":73},"end":{"line":94,"column":75}}],"line":94},"5":{"loc":{"start":{"line":124,"column":46},"end":{"line":124,"column":73}},"type":"cond-expr","locations":[{"start":{"line":124,"column":57},"end":{"line":124,"column":68}},{"start":{"line":124,"column":71},"end":{"line":124,"column":73}}],"line":124}},"s":{"0":7,"1":7,"2":8,"3":12,"4":12,"5":12,"6":8,"7":8,"8":8,"9":2,"10":2,"11":1,"12":1,"13":1,"14":1,"15":1,"16":22,"17":22,"18":2,"19":2,"20":2,"21":2,"22":2,"23":2,"24":1,"25":1,"26":4,"27":2},"f":{"0":7,"1":8,"2":12,"3":8,"4":2,"5":1,"6":22,"7":2,"8":2,"9":2,"10":2,"11":2,"12":2,"13":1,"14":1,"15":4,"16":2},"b":{"0":[1,1],"1":[2,1,1,1],"2":[1,21],"3":[1,21],"4":[7,15],"5":[4,18]},"_coverageSchema":"332fd63041d2c1bcb487cc26dd0d5f7d97098a6c","hash":"a4fc3b9ec7e615923d241cd372304c45d13878fb"}
,"/home/user/Files/React-Sortable-Table/src/components/Main.js": {"path":"/home/user/Files/React-Sortable-Table/src/components/Main.js","statementMap":{"0":{"start":{"line":14,"column":8},"end":{"line":19,"column":9}},"1":{"start":{"line":15,"column":12},"end":{"line":15,"column":66}},"2":{"start":{"line":17,"column":26},"end":{"line":17,"column":78}},"3":{"start":{"line":18,"column":12},"end":{"line":18,"column":58}},"4":{"start":{"line":23,"column":48},"end":{"line":23,"column":58}},"5":{"start":{"line":24,"column":35},"end":{"line":24,"column":54}},"6":{"start":{"line":27,"column":8},"end":{"line":34,"column":9}},"7":{"start":{"line":28,"column":32},"end":{"line":28,"column":59}},"8":{"start":{"line":30,"column":12},"end":{"line":33,"column":20}},"9":{"start":{"line":32,"column":26},"end":{"line":32,"column":96}},"10":{"start":{"line":36,"column":8},"end":{"line":87,"column":10}}},"fnMap":{"0":{"name":"(anonymous_0)","decl":{"start":{"line":13,"column":24},"end":{"line":13,"column":25}},"loc":{"start":{"line":13,"column":39},"end":{"line":20,"column":5}},"line":13},"1":{"name":"(anonymous_1)","decl":{"start":{"line":22,"column":4},"end":{"line":22,"column":5}},"loc":{"start":{"line":22,"column":13},"end":{"line":88,"column":5}},"line":22},"2":{"name":"(anonymous_2)","decl":{"start":{"line":32,"column":17},"end":{"line":32,"column":18}},"loc":{"start":{"line":32,"column":26},"end":{"line":32,"column":96}},"line":32}},"branchMap":{"0":{"loc":{"start":{"line":14,"column":8},"end":{"line":19,"column":9}},"type":"if","locations":[{"start":{"line":14,"column":8},"end":{"line":19,"column":9}},{"start":{"line":14,"column":8},"end":{"line":19,"column":9}}],"line":14},"1":{"loc":{"start":{"line":14,"column":12},"end":{"line":14,"column":79}},"type":"binary-expr","locations":[{"start":{"line":14,"column":12},"end":{"line":14,"column":32}},{"start":{"line":14,"column":36},"end":{"line":14,"column":79}}],"line":14},"2":{"loc":{"start":{"line":17,"column":26},"end":{"line":17,"column":78}},"type":"cond-expr","locations":[{"start":{"line":17,"column":64},"end":{"line":17,"column":70}},{"start":{"line":17,"column":73},"end":{"line":17,"column":78}}],"line":17},"3":{"loc":{"start":{"line":27,"column":8},"end":{"line":34,"column":9}},"type":"if","locations":[{"start":{"line":27,"column":8},"end":{"line":34,"column":9}},{"start":{"line":27,"column":8},"end":{"line":34,"column":9}}],"line":27}},"s":{"0":18,"1":6,"2":12,"3":12,"4":23,"5":23,"6":23,"7":2,"8":2,"9":2,"10":23},"f":{"0":18,"1":23,"2":2},"b":{"0":[6,12],"1":[18,18],"2":[6,6],"3":[2,21]},"_coverageSchema":"332fd63041d2c1bcb487cc26dd0d5f7d97098a6c","hash":"87bfba40cc0b63ef556e4d0943074fcb65db9535"}
,"/home/user/Files/React-Sortable-Table/src/components/SortableHeader.js": {"path":"/home/user/Files/React-Sortable-Table/src/components/SortableHeader.js","statementMap":{"0":{"start":{"line":5,"column":8},"end":{"line":5,"column":59}},"1":{"start":{"line":9,"column":66},"end":{"line":9,"column":76}},"2":{"start":{"line":10,"column":30},"end":{"line":10,"column":105}},"3":{"start":{"line":11,"column":21},"end":{"line":11,"column":86}},"4":{"start":{"line":13,"column":8},"end":{"line":16,"column":13}}},"fnMap":{"0":{"name":"(anonymous_0)","decl":{"start":{"line":4,"column":4},"end":{"line":4,"column":5}},"loc":{"start":{"line":4,"column":22},"end":{"line":6,"column":5}},"line":4},"1":{"name":"(anonymous_1)","decl":{"start":{"line":8,"column":4},"end":{"line":8,"column":5}},"loc":{"start":{"line":8,"column":13},"end":{"line":17,"column":5}},"line":8}},"branchMap":{"0":{"loc":{"start":{"line":10,"column":43},"end":{"line":10,"column":103}},"type":"cond-expr","locations":[{"start":{"line":10,"column":73},"end":{"line":10,"column":87}},{"start":{"line":10,"column":90},"end":{"line":10,"column":103}}],"line":10},"1":{"loc":{"start":{"line":11,"column":21},"end":{"line":11,"column":86}},"type":"cond-expr","locations":[{"start":{"line":11,"column":43},"end":{"line":11,"column":62}},{"start":{"line":11,"column":65},"end":{"line":11,"column":86}}],"line":11}},"s":{"0":18,"1":132,"2":132,"3":132,"4":132},"f":{"0":18,"1":132},"b":{"0":[18,114],"1":[36,96]},"_coverageSchema":"332fd63041d2c1bcb487cc26dd0d5f7d97098a6c","hash":"0277387acc8c7f230aece1708286834eb21c0ce9"}
,"/home/user/Files/React-Sortable-Table/src/components/TableItem.js": {"path":"/home/user/Files/React-Sortable-Table/src/components/TableItem.js","statementMap":{"0":{"start":{"line":5,"column":6},"end":{"line":5,"column":46}},"1":{"start":{"line":9,"column":24},"end":{"line":9,"column":34}},"2":{"start":{"line":10,"column":8},"end":{"line":22,"column":10}}},"fnMap":{"0":{"name":"(anonymous_0)","decl":{"start":{"line":4,"column":20},"end":{"line":4,"column":21}},"loc":{"start":{"line":4,"column":26},"end":{"line":6,"column":5}},"line":4},"1":{"name":"(anonymous_1)","decl":{"start":{"line":8,"column":4},"end":{"line":8,"column":5}},"loc":{"start":{"line":8,"column":13},"end":{"line":23,"column":5}},"line":8}},"branchMap":{},"s":{"0":1,"1":2,"2":2},"f":{"0":1,"1":2},"b":{},"_coverageSchema":"332fd63041d2c1bcb487cc26dd0d5f7d97098a6c","hash":"e822570bf4a35a9c7b00597063cc81d6b07bbeb2"}
,"/home/user/Files/React-Sortable-Table/src/constants/actions.js": {"path":"/home/user/Files/React-Sortable-Table/src/constants/actions.js","statementMap":{"0":{"start":{"line":1,"column":25},"end":{"line":1,"column":36}},"1":{"start":{"line":2,"column":28},"end":{"line":2,"column":42}}},"fnMap":{},"branchMap":{},"s":{"0":4,"1":4},"f":{},"b":{},"_coverageSchema":"332fd63041d2c1bcb487cc26dd0d5f7d97098a6c","hash":"1cb961f39707819d31709a875043beede74f1c8e"}
,"/home/user/Files/React-Sortable-Table/src/data/field.js": {"path":"/home/user/Files/React-Sortable-Table/src/data/field.js","statementMap":{"0":{"start":{"line":5,"column":8},"end":{"line":5,"column":35}},"1":{"start":{"line":6,"column":8},"end":{"line":6,"column":21}},"2":{"start":{"line":7,"column":8},"end":{"line":7,"column":35}},"3":{"start":{"line":8,"column":8},"end":{"line":8,"column":33}},"4":{"start":{"line":9,"column":8},"end":{"line":9,"column":27}},"5":{"start":{"line":10,"column":8},"end":{"line":10,"column":29}},"6":{"start":{"line":11,"column":8},"end":{"line":11,"column":23}}},"fnMap":{"0":{"name":"(anonymous_0)","decl":{"start":{"line":4,"column":4},"end":{"line":4,"column":5}},"loc":{"start":{"line":4,"column":61},"end":{"line":12,"column":5}},"line":4}},"branchMap":{},"s":{"0":7,"1":7,"2":7,"3":7,"4":7,"5":7,"6":7},"f":{"0":7},"b":{},"_coverageSchema":"332fd63041d2c1bcb487cc26dd0d5f7d97098a6c","hash":"7e6ef88ca8f9221bc1867e8a5a7c683b2b649c40"}
,"/home/user/Files/React-Sortable-Table/src/reducers-and-actions/tableFieldAction.js": {"path":"/home/user/Files/React-Sortable-Table/src/reducers-and-actions/tableFieldAction.js","statementMap":{"0":{"start":{"line":4,"column":9},"end":{"line":4,"column":10}},"1":{"start":{"line":7,"column":20},"end":{"line":18,"column":6}},"2":{"start":{"line":8,"column":25},"end":{"line":15,"column":9}},"3":{"start":{"line":17,"column":8},"end":{"line":17,"column":33}},"4":{"start":{"line":20,"column":4},"end":{"line":20,"column":16}},"5":{"start":{"line":22,"column":4},"end":{"line":25,"column":5}},"6":{"start":{"line":29,"column":20},"end":{"line":31,"column":6}},"7":{"start":{"line":30,"column":8},"end":{"line":30,"column":30}},"8":{"start":{"line":33,"column":4},"end":{"line":36,"column":5}}},"fnMap":{"0":{"name":"addField","decl":{"start":{"line":6,"column":16},"end":{"line":6,"column":24}},"loc":{"start":{"line":6,"column":66},"end":{"line":26,"column":1}},"line":6},"1":{"name":"(anonymous_1)","decl":{"start":{"line":7,"column":32},"end":{"line":7,"column":33}},"loc":{"start":{"line":7,"column":53},"end":{"line":18,"column":5}},"line":7},"2":{"name":"deleteField","decl":{"start":{"line":28,"column":16},"end":{"line":28,"column":27}},"loc":{"start":{"line":28,"column":35},"end":{"line":37,"column":1}},"line":28},"3":{"name":"(anonymous_3)","decl":{"start":{"line":29,"column":32},"end":{"line":29,"column":33}},"loc":{"start":{"line":29,"column":53},"end":{"line":31,"column":5}},"line":29}},"branchMap":{},"s":{"0":3,"1":1,"2":1,"3":1,"4":1,"5":1,"6":1,"7":1,"8":1},"f":{"0":1,"1":1,"2":1,"3":1},"b":{},"_coverageSchema":"332fd63041d2c1bcb487cc26dd0d5f7d97098a6c","hash":"3006ab2da097cbcabdf8b5f90bfd154737c3b2c2"}
,"/home/user/Files/React-Sortable-Table/src/reducers-and-actions/tableFieldReducer.js": {"path":"/home/user/Files/React-Sortable-Table/src/reducers-and-actions/tableFieldReducer.js","statementMap":{"0":{"start":{"line":5,"column":29},"end":{"line":7,"column":1}},"1":{"start":{"line":6,"column":66},"end":{"line":6,"column":85}},"2":{"start":{"line":9,"column":19},"end":{"line":32,"column":1}},"3":{"start":{"line":11,"column":27},"end":{"line":11,"column":44}},"4":{"start":{"line":12,"column":33},"end":{"line":12,"column":57}},"5":{"start":{"line":14,"column":8},"end":{"line":14,"column":57}},"6":{"start":{"line":16,"column":8},"end":{"line":16,"column":45}},"7":{"start":{"line":18,"column":8},"end":{"line":18,"column":44}},"8":{"start":{"line":21,"column":28},"end":{"line":21,"column":45}},"9":{"start":{"line":22,"column":26},"end":{"line":22,"column":50}},"10":{"start":{"line":24,"column":8},"end":{"line":30,"column":9}},"11":{"start":{"line":25,"column":12},"end":{"line":25,"column":42}},"12":{"start":{"line":27,"column":12},"end":{"line":27,"column":30}},"13":{"start":{"line":29,"column":12},"end":{"line":29,"column":25}},"14":{"start":{"line":35,"column":4},"end":{"line":35,"column":65}},"15":{"start":{"line":39,"column":23},"end":{"line":39,"column":28}},"16":{"start":{"line":41,"column":20},"end":{"line":41,"column":43}},"17":{"start":{"line":42,"column":4},"end":{"line":44,"column":5}},"18":{"start":{"line":43,"column":8},"end":{"line":43,"column":54}},"19":{"start":{"line":46,"column":4},"end":{"line":46,"column":71}}},"fnMap":{"0":{"name":"(anonymous_0)","decl":{"start":{"line":6,"column":55},"end":{"line":6,"column":56}},"loc":{"start":{"line":6,"column":66},"end":{"line":6,"column":85}},"line":6},"1":{"name":"(anonymous_1)","decl":{"start":{"line":10,"column":17},"end":{"line":10,"column":18}},"loc":{"start":{"line":10,"column":42},"end":{"line":19,"column":5}},"line":10},"2":{"name":"(anonymous_2)","decl":{"start":{"line":20,"column":20},"end":{"line":20,"column":21}},"loc":{"start":{"line":20,"column":45},"end":{"line":31,"column":5}},"line":20},"3":{"name":"updateLocalStorage","decl":{"start":{"line":34,"column":9},"end":{"line":34,"column":27}},"loc":{"start":{"line":34,"column":39},"end":{"line":36,"column":1}},"line":34},"4":{"name":"(anonymous_4)","decl":{"start":{"line":38,"column":14},"end":{"line":38,"column":15}},"loc":{"start":{"line":38,"column":49},"end":{"line":47,"column":1}},"line":38}},"branchMap":{"0":{"loc":{"start":{"line":24,"column":8},"end":{"line":30,"column":9}},"type":"if","locations":[{"start":{"line":24,"column":8},"end":{"line":30,"column":9}},{"start":{"line":24,"column":8},"end":{"line":30,"column":9}}],"line":24},"1":{"loc":{"start":{"line":38,"column":15},"end":{"line":38,"column":36}},"type":"default-arg","locations":[{"start":{"line":38,"column":23},"end":{"line":38,"column":36}}],"line":38},"2":{"loc":{"start":{"line":42,"column":4},"end":{"line":44,"column":5}},"type":"if","locations":[{"start":{"line":42,"column":4},"end":{"line":44,"column":5}},{"start":{"line":42,"column":4},"end":{"line":44,"column":5}}],"line":42},"3":{"loc":{"start":{"line":46,"column":11},"end":{"line":46,"column":70}},"type":"cond-expr","locations":[{"start":{"line":46,"column":35},"end":{"line":46,"column":40}},{"start":{"line":46,"column":43},"end":{"line":46,"column":70}}],"line":46}},"s":{"0":1,"1":0,"2":1,"3":1,"4":1,"5":1,"6":1,"7":1,"8":2,"9":2,"10":2,"11":1,"12":1,"13":1,"14":2,"15":3,"16":3,"17":3,"18":3,"19":3},"f":{"0":0,"1":1,"2":2,"3":2,"4":3},"b":{"0":[1,1],"1":[0],"2":[3,0],"3":[1,2]},"_coverageSchema":"332fd63041d2c1bcb487cc26dd0d5f7d97098a6c","hash":"46dd9bb3f79ee4707a0db914366666f10a8ce302"}
,"/home/user/Files/React-Sortable-Table/src/utils/localStorageUtil.js": {"path":"/home/user/Files/React-Sortable-Table/src/utils/localStorageUtil.js","statementMap":{"0":{"start":{"line":3,"column":14},"end":{"line":3,"column":21}},"1":{"start":{"line":7,"column":8},"end":{"line":7,"column":36}},"2":{"start":{"line":8,"column":8},"end":{"line":8,"column":62}},"3":{"start":{"line":10,"column":8},"end":{"line":10,"column":27}},"4":{"start":{"line":14,"column":8},"end":{"line":14,"column":64}},"5":{"start":{"line":16,"column":8},"end":{"line":16,"column":30}},"6":{"start":{"line":18,"column":8},"end":{"line":28,"column":9}},"7":{"start":{"line":19,"column":42},"end":{"line":19,"column":69}},"8":{"start":{"line":21,"column":12},"end":{"line":27,"column":13}},"9":{"start":{"line":22,"column":16},"end":{"line":26,"column":20}},"10":{"start":{"line":22,"column":81},"end":{"line":26,"column":17}},"11":{"start":{"line":32,"column":8},"end":{"line":32,"column":35}},"12":{"start":{"line":33,"column":8},"end":{"line":33,"column":32}},"13":{"start":{"line":37,"column":8},"end":{"line":37,"column":35}},"14":{"start":{"line":38,"column":8},"end":{"line":38,"column":42}},"15":{"start":{"line":39,"column":8},"end":{"line":39,"column":22}},"16":{"start":{"line":43,"column":8},"end":{"line":45,"column":9}},"17":{"start":{"line":44,"column":12},"end":{"line":44,"column":96}},"18":{"start":{"line":53,"column":8},"end":{"line":53,"column":35}},"19":{"start":{"line":54,"column":8},"end":{"line":54,"column":70}},"20":{"start":{"line":62,"column":8},"end":{"line":62,"column":35}},"21":{"start":{"line":63,"column":8},"end":{"line":63,"column":39}},"22":{"start":{"line":67,"column":17},"end":{"line":67,"column":39}}},"fnMap":{"0":{"name":"(anonymous_0)","decl":{"start":{"line":6,"column":4},"end":{"line":6,"column":5}},"loc":{"start":{"line":6,"column":18},"end":{"line":11,"column":5}},"line":6},"1":{"name":"(anonymous_1)","decl":{"start":{"line":13,"column":4},"end":{"line":13,"column":5}},"loc":{"start":{"line":13,"column":18},"end":{"line":29,"column":5}},"line":13},"2":{"name":"(anonymous_2)","decl":{"start":{"line":22,"column":72},"end":{"line":22,"column":73}},"loc":{"start":{"line":22,"column":81},"end":{"line":26,"column":17}},"line":22},"3":{"name":"(anonymous_3)","decl":{"start":{"line":31,"column":4},"end":{"line":31,"column":5}},"loc":{"start":{"line":31,"column":21},"end":{"line":34,"column":5}},"line":31},"4":{"name":"(anonymous_4)","decl":{"start":{"line":36,"column":4},"end":{"line":36,"column":5}},"loc":{"start":{"line":36,"column":30},"end":{"line":40,"column":5}},"line":36},"5":{"name":"(anonymous_5)","decl":{"start":{"line":42,"column":4},"end":{"line":42,"column":5}},"loc":{"start":{"line":42,"column":26},"end":{"line":46,"column":5}},"line":42},"6":{"name":"(anonymous_6)","decl":{"start":{"line":52,"column":4},"end":{"line":52,"column":5}},"loc":{"start":{"line":52,"column":14},"end":{"line":55,"column":5}},"line":52},"7":{"name":"(anonymous_7)","decl":{"start":{"line":61,"column":4},"end":{"line":61,"column":5}},"loc":{"start":{"line":61,"column":12},"end":{"line":64,"column":5}},"line":61}},"branchMap":{"0":{"loc":{"start":{"line":18,"column":8},"end":{"line":28,"column":9}},"type":"if","locations":[{"start":{"line":18,"column":8},"end":{"line":28,"column":9}},{"start":{"line":18,"column":8},"end":{"line":28,"column":9}}],"line":18},"1":{"loc":{"start":{"line":21,"column":12},"end":{"line":27,"column":13}},"type":"if","locations":[{"start":{"line":21,"column":12},"end":{"line":27,"column":13}},{"start":{"line":21,"column":12},"end":{"line":27,"column":13}}],"line":21},"2":{"loc":{"start":{"line":43,"column":8},"end":{"line":45,"column":9}},"type":"if","locations":[{"start":{"line":43,"column":8},"end":{"line":45,"column":9}},{"start":{"line":43,"column":8},"end":{"line":45,"column":9}}],"line":43}},"s":{"0":1,"1":1,"2":1,"3":1,"4":1,"5":1,"6":1,"7":0,"8":0,"9":0,"10":0,"11":1,"12":1,"13":2,"14":2,"15":2,"16":3,"17":0,"18":0,"19":0,"20":0,"21":0,"22":1},"f":{"0":1,"1":1,"2":0,"3":1,"4":2,"5":3,"6":0,"7":0},"b":{"0":[0,1],"1":[0,0],"2":[0,3]},"_coverageSchema":"332fd63041d2c1bcb487cc26dd0d5f7d97098a6c","hash":"753f7bc4fcdb2d7e35bbfeaeeee63f967aba315f"}
,"/home/user/Files/React-Sortable-Table/src/utils/validation.js": {"path":"/home/user/Files/React-Sortable-Table/src/utils/validation.js","statementMap":{"0":{"start":{"line":2,"column":4},"end":{"line":4,"column":5}},"1":{"start":{"line":3,"column":8},"end":{"line":3,"column":32}},"2":{"start":{"line":6,"column":4},"end":{"line":8,"column":5}},"3":{"start":{"line":7,"column":8},"end":{"line":7,"column":31}},"4":{"start":{"line":10,"column":4},"end":{"line":12,"column":5}},"5":{"start":{"line":11,"column":8},"end":{"line":11,"column":72}},"6":{"start":{"line":14,"column":4},"end":{"line":16,"column":5}},"7":{"start":{"line":15,"column":8},"end":{"line":15,"column":40}},"8":{"start":{"line":18,"column":4},"end":{"line":18,"column":14}}},"fnMap":{"0":{"name":"validation","decl":{"start":{"line":1,"column":24},"end":{"line":1,"column":34}},"loc":{"start":{"line":1,"column":51},"end":{"line":19,"column":1}},"line":1}},"branchMap":{"0":{"loc":{"start":{"line":2,"column":4},"end":{"line":4,"column":5}},"type":"if","locations":[{"start":{"line":2,"column":4},"end":{"line":4,"column":5}},{"start":{"line":2,"column":4},"end":{"line":4,"column":5}}],"line":2},"1":{"loc":{"start":{"line":6,"column":4},"end":{"line":8,"column":5}},"type":"if","locations":[{"start":{"line":6,"column":4},"end":{"line":8,"column":5}},{"start":{"line":6,"column":4},"end":{"line":8,"column":5}}],"line":6},"2":{"loc":{"start":{"line":6,"column":7},"end":{"line":6,"column":39}},"type":"binary-expr","locations":[{"start":{"line":6,"column":7},"end":{"line":6,"column":22}},{"start":{"line":6,"column":26},"end":{"line":6,"column":39}}],"line":6},"3":{"loc":{"start":{"line":10,"column":4},"end":{"line":12,"column":5}},"type":"if","locations":[{"start":{"line":10,"column":4},"end":{"line":12,"column":5}},{"start":{"line":10,"column":4},"end":{"line":12,"column":5}}],"line":10},"4":{"loc":{"start":{"line":10,"column":8},"end":{"line":10,"column":120}},"type":"binary-expr","locations":[{"start":{"line":10,"column":9},"end":{"line":10,"column":30}},{"start":{"line":10,"column":34},"end":{"line":10,"column":54}},{"start":{"line":10,"column":59},"end":{"line":10,"column":120}}],"line":10},"5":{"loc":{"start":{"line":14,"column":4},"end":{"line":16,"column":5}},"type":"if","locations":[{"start":{"line":14,"column":4},"end":{"line":16,"column":5}},{"start":{"line":14,"column":4},"end":{"line":16,"column":5}}],"line":14},"6":{"loc":{"start":{"line":14,"column":7},"end":{"line":14,"column":59}},"type":"binary-expr","locations":[{"start":{"line":14,"column":7},"end":{"line":14,"column":24}},{"start":{"line":14,"column":28},"end":{"line":14,"column":59}}],"line":14}},"s":{"0":20,"1":1,"2":19,"3":1,"4":18,"5":4,"6":14,"7":2,"8":12},"f":{"0":20},"b":{"0":[1,19],"1":[1,18],"2":[19,5],"3":[4,14],"4":[18,14,8],"5":[2,12],"6":[14,4]},"_coverageSchema":"332fd63041d2c1bcb487cc26dd0d5f7d97098a6c","hash":"c48c99fdc84c19e2589a9e79962f271c8c9a6613"}
}
