TN:
SF:/home/user/Files/React-Sortable-Table/src/App.js
FN:6,(anonymous_0)
FN:11,(anonymous_1)
FNF:2
FNH:2
FNDA:1,(anonymous_0)
FNDA:1,(anonymous_1)
DA:6,1
DA:12,1
DA:13,1
LF:3
LH:3
BRF:0
BRH:0
end_of_record
TN:
SF:/home/user/Files/React-Sortable-Table/src/components/Form.js
FN:5,(anonymous_0)
FN:11,(anonymous_1)
FN:27,(anonymous_2)
FN:34,(anonymous_3)
FN:41,(anonymous_4)
FN:58,(anonymous_5)
FN:64,(anonymous_6)
FN:77,(anonymous_7)
FN:78,(anonymous_8)
FN:89,(anonymous_9)
FN:90,(anonymous_10)
FN:101,(anonymous_11)
FN:102,(anonymous_12)
FN:110,(anonymous_13)
FN:118,(anonymous_14)
FN:131,(anonymous_15)
FN:132,(anonymous_16)
FNF:17
FNH:17
FNDA:7,(anonymous_0)
FNDA:8,(anonymous_1)
FNDA:12,(anonymous_2)
FNDA:8,(anonymous_3)
FNDA:2,(anonymous_4)
FNDA:1,(anonymous_5)
FNDA:22,(anonymous_6)
FNDA:2,(anonymous_7)
FNDA:2,(anonymous_8)
FNDA:2,(anonymous_9)
FNDA:2,(anonymous_10)
FNDA:2,(anonymous_11)
FNDA:2,(anonymous_12)
FNDA:1,(anonymous_13)
FNDA:1,(anonymous_14)
FNDA:4,(anonymous_15)
FNDA:2,(anonymous_16)
DA:6,7
DA:8,7
DA:12,8
DA:28,12
DA:29,12
DA:31,12
DA:35,8
DA:36,8
DA:38,8
DA:43,2
DA:45,2
DA:47,1
DA:55,1
DA:57,1
DA:58,1
DA:59,1
DA:66,22
DA:68,22
DA:77,2
DA:78,2
DA:89,2
DA:90,2
DA:101,2
DA:102,2
DA:110,1
DA:118,1
DA:131,4
DA:132,2
LF:28
LH:28
BRDA:45,0,0,1
BRDA:45,0,1,1
BRDA:45,1,0,2
BRDA:45,1,1,1
BRDA:45,1,2,1
BRDA:45,1,3,1
BRDA:70,2,0,1
BRDA:70,2,1,21
BRDA:82,3,0,1
BRDA:82,3,1,21
BRDA:94,4,0,7
BRDA:94,4,1,15
BRDA:124,5,0,4
BRDA:124,5,1,18
BRF:14
BRH:14
end_of_record
TN:
SF:/home/user/Files/React-Sortable-Table/src/components/Main.js
FN:13,(anonymous_0)
FN:22,(anonymous_1)
FN:32,(anonymous_2)
FNF:3
FNH:3
FNDA:18,(anonymous_0)
FNDA:23,(anonymous_1)
FNDA:2,(anonymous_2)
DA:14,18
DA:15,6
DA:17,12
DA:18,12
DA:23,23
DA:24,23
DA:27,23
DA:28,2
DA:30,2
DA:32,2
DA:36,23
LF:11
LH:11
BRDA:14,0,0,6
BRDA:14,0,1,12
BRDA:14,1,0,18
BRDA:14,1,1,18
BRDA:17,2,0,6
BRDA:17,2,1,6
BRDA:27,3,0,2
BRDA:27,3,1,21
BRF:8
BRH:8
end_of_record
TN:
SF:/home/user/Files/React-Sortable-Table/src/components/SortableHeader.js
FN:4,(anonymous_0)
FN:8,(anonymous_1)
FNF:2
FNH:2
FNDA:18,(anonymous_0)
FNDA:132,(anonymous_1)
DA:5,18
DA:9,132
DA:10,132
DA:11,132
DA:13,132
LF:5
LH:5
BRDA:10,0,0,18
BRDA:10,0,1,114
BRDA:11,1,0,36
BRDA:11,1,1,96
BRF:4
BRH:4
end_of_record
TN:
SF:/home/user/Files/React-Sortable-Table/src/components/TableItem.js
FN:4,(anonymous_0)
FN:8,(anonymous_1)
FNF:2
FNH:2
FNDA:1,(anonymous_0)
FNDA:2,(anonymous_1)
DA:5,1
DA:9,2
DA:10,2
LF:3
LH:3
BRF:0
BRH:0
end_of_record
TN:
SF:/home/user/Files/React-Sortable-Table/src/constants/actions.js
FNF:0
FNH:0
DA:1,4
DA:2,4
LF:2
LH:2
BRF:0
BRH:0
end_of_record
TN:
SF:/home/user/Files/React-Sortable-Table/src/data/field.js
FN:4,(anonymous_0)
FNF:1
FNH:1
FNDA:7,(anonymous_0)
DA:5,7
DA:6,7
DA:7,7
DA:8,7
DA:9,7
DA:10,7
DA:11,7
LF:7
LH:7
BRF:0
BRH:0
end_of_record
TN:
SF:/home/user/Files/React-Sortable-Table/src/reducers-and-actions/tableFieldAction.js
FN:6,addField
FN:7,(anonymous_1)
FN:28,deleteField
FN:29,(anonymous_3)
FNF:4
FNH:4
FNDA:1,addField
FNDA:1,(anonymous_1)
FNDA:1,deleteField
FNDA:1,(anonymous_3)
DA:4,3
DA:7,1
DA:8,1
DA:17,1
DA:20,1
DA:22,1
DA:29,1
DA:30,1
DA:33,1
LF:9
LH:9
BRF:0
BRH:0
end_of_record
TN:
SF:/home/user/Files/React-Sortable-Table/src/reducers-and-actions/tableFieldReducer.js
FN:6,(anonymous_0)
FN:10,(anonymous_1)
FN:20,(anonymous_2)
FN:34,updateLocalStorage
FN:38,(anonymous_4)
FNF:5
FNH:4
FNDA:0,(anonymous_0)
FNDA:1,(anonymous_1)
FNDA:2,(anonymous_2)
FNDA:2,updateLocalStorage
FNDA:3,(anonymous_4)
DA:5,1
DA:6,0
DA:9,1
DA:11,1
DA:12,1
DA:14,1
DA:16,1
DA:18,1
DA:21,2
DA:22,2
DA:24,2
DA:25,1
DA:27,1
DA:29,1
DA:35,2
DA:39,3
DA:41,3
DA:42,3
DA:43,3
DA:46,3
LF:20
LH:19
BRDA:24,0,0,1
BRDA:24,0,1,1
BRDA:38,1,0,0
BRDA:42,2,0,3
BRDA:42,2,1,0
BRDA:46,3,0,1
BRDA:46,3,1,2
BRF:7
BRH:5
end_of_record
TN:
SF:/home/user/Files/React-Sortable-Table/src/utils/localStorageUtil.js
FN:6,(anonymous_0)
FN:13,(anonymous_1)
FN:22,(anonymous_2)
FN:31,(anonymous_3)
FN:36,(anonymous_4)
FN:42,(anonymous_5)
FN:52,(anonymous_6)
FN:61,(anonymous_7)
FNF:8
FNH:5
FNDA:1,(anonymous_0)
FNDA:1,(anonymous_1)
FNDA:0,(anonymous_2)
FNDA:1,(anonymous_3)
FNDA:2,(anonymous_4)
FNDA:3,(anonymous_5)
FNDA:0,(anonymous_6)
FNDA:0,(anonymous_7)
DA:3,1
DA:7,1
DA:8,1
DA:10,1
DA:14,1
DA:16,1
DA:18,1
DA:19,0
DA:21,0
DA:22,0
DA:32,1
DA:33,1
DA:37,2
DA:38,2
DA:39,2
DA:43,3
DA:44,0
DA:53,0
DA:54,0
DA:62,0
DA:63,0
DA:67,1
LF:22
LH:14
BRDA:18,0,0,0
BRDA:18,0,1,1
BRDA:21,1,0,0
BRDA:21,1,1,0
BRDA:43,2,0,0
BRDA:43,2,1,3
BRF:6
BRH:2
end_of_record
TN:
SF:/home/user/Files/React-Sortable-Table/src/utils/validation.js
FN:1,validation
FNF:1
FNH:1
FNDA:20,validation
DA:2,20
DA:3,1
DA:6,19
DA:7,1
DA:10,18
DA:11,4
DA:14,14
DA:15,2
DA:18,12
LF:9
LH:9
BRDA:2,0,0,1
BRDA:2,0,1,19
BRDA:6,1,0,1
BRDA:6,1,1,18
BRDA:6,2,0,19
BRDA:6,2,1,5
BRDA:10,3,0,4
BRDA:10,3,1,14
BRDA:10,4,0,18
BRDA:10,4,1,14
BRDA:10,4,2,8
BRDA:14,5,0,2
BRDA:14,5,1,12
BRDA:14,6,0,14
BRDA:14,6,1,4
BRF:15
BRH:15
end_of_record
